<?xml version="1.0" encoding="UTF-8"?>
<!-- Generated by org.testng.reporters.JUnitReportReporter -->
<testsuite hostname="DELL" failures="0" tests="1" name="create_org.SampleTest" time="0.001" errors="0" timestamp="2025-02-06T07:38:38 IST" skipped="0">
  <testcase classname="create_org.SampleTest" name="CreateContact" time="0.001"/>
</testsuite> <!-- create_org.SampleTest -->
