<?xml version="1.0" encoding="UTF-8"?>
<!-- Generated by org.testng.reporters.JUnitReportReporter -->
<testsuite hostname="DELL" failures="0" tests="2" name="create_org.Sample2Test" time="0.012" errors="0" timestamp="2025-02-06T07:38:38 IST" skipped="0">
  <testcase classname="create_org.Sample2Test" name="contactmodified" time="0.001"/>
  <testcase classname="create_org.Sample2Test" name="contactdeleted" time="0.011"/>
</testsuite> <!-- create_org.Sample2Test -->
